<?xml version="1.0" encoding="UTF-8"?>
<!-- Generated by org.testng.reporters.JUnitReportReporter -->
<testsuite skipped="0" hostname="DESKTOP-V7RVS5N" name="Pkg.git_jenkins.GIT_Jenkins_DemoTest" tests="3" failures="0" timestamp="2021-02-11T11:22:36 IST" time="0.015" errors="0">
  <testcase name="secondtest" time="0.002" classname="Pkg.git_jenkins.GIT_Jenkins_DemoTest"/>
  <system-out/>
  <testcase name="firsttest" time="0.010" classname="Pkg.git_jenkins.GIT_Jenkins_DemoTest"/>
  <system-out/>
  <testcase name="thirdtest" time="0.003" classname="Pkg.git_jenkins.GIT_Jenkins_DemoTest"/>
  <system-out/>
</testsuite> <!-- Pkg.git_jenkins.GIT_Jenkins_DemoTest -->
